[    0.000000] Initializing cgroup subsys cpuset
[    0.000000] Initializing cgroup subsys cpu
[    0.000000] Initializing cgroup subsys cpuacct
[    0.000000] Linux version 4.4.0-210-generic (buildd@lgw01-amd64-009) (gcc version 5.4.0 20160609 (Ubuntu 5.4.0-6ubuntu1~16.04.12) ) #242-Ubuntu SMP Fri Apr 16 09:57:56 UTC 2021 (Ubuntu 4.4.0-210.242-generic 4.4.262)
[    0.000000] Command line: BOOT_IMAGE=/boot/vmlinuz-4.4.0-210-generic root=LABEL=cloudimg-rootfs ro console=tty1 console=ttyS0
[    0.000000] KERNEL supported cpus:
[    0.000000]   Intel GenuineIntel
[    0.000000]   AMD AuthenticAMD
[    0.000000]   Centaur CentaurHauls
[    0.000000] x86/fpu: Legacy x87 FPU detected.
[    0.000000] e820: BIOS-provided physical RAM map:
[    0.000000] BIOS-e820: [mem 0x0000000000000000-0x000000000009fbff] usable
[    0.000000] BIOS-e820: [mem 0x000000000009fc00-0x000000000009ffff] reserved
[    0.000000] BIOS-e820: [mem 0x00000000000f0000-0x00000000000fffff] reserved
[    0.000000] BIOS-e820: [mem 0x0000000000100000-0x000000003ffeffff] usable
[    0.000000] BIOS-e820: [mem 0x000000003fff0000-0x000000003fffffff] ACPI data
[    0.000000] BIOS-e820: [mem 0x00000000fec00000-0x00000000fec00fff] reserved
[    0.000000] BIOS-e820: [mem 0x00000000fee00000-0x00000000fee00fff] reserved
[    0.000000] BIOS-e820: [mem 0x00000000fffc0000-0x00000000ffffffff] reserved
[    0.000000] NX (Execute Disable) protection: active
[    0.000000] SMBIOS 2.5 present.
[    0.000000] Hypervisor detected: KVM
[    0.000000] e820: last_pfn = 0x3fff0 max_arch_pfn = 0x400000000
[    0.000000] MTRR: Disabled
[    0.000000] x86/PAT: MTRRs disabled, skipping PAT initialization too.
[    0.000000] CPU MTRRs all blank - virtualized system.
[    0.000000] x86/PAT: Configuration [0-7]: WB  WT  UC- UC  WB  WT  UC- UC  
[    0.000000] found SMP MP-table at [mem 0x0009fff0-0x0009ffff] mapped at [ffff88000009fff0]
[    0.000000] Scanning 1 areas for low memory corruption
[    0.000000] RAMDISK: [mem 0x362dc000-0x37165fff]
[    0.000000] ACPI: Early table checksum verification disabled
[    0.000000] ACPI: RSDP 0x00000000000E0000 000024 (v02 VBOX  )
[    0.000000] ACPI: XSDT 0x000000003FFF0030 00003C (v01 VBOX   VBOXXSDT 00000001 ASL  00000061)
[    0.000000] ACPI: FACP 0x000000003FFF00F0 0000F4 (v04 VBOX   VBOXFACP 00000001 ASL  00000061)
[    0.000000] ACPI: DSDT 0x000000003FFF0610 002353 (v02 VBOX   VBOXBIOS 00000002 INTL 20100528)
[    0.000000] ACPI: FACS 0x000000003FFF0200 000040
[    0.000000] ACPI: FACS 0x000000003FFF0200 000040
[    0.000000] ACPI: APIC 0x000000003FFF0240 00005C (v02 VBOX   VBOXAPIC 00000001 ASL  00000061)
[    0.000000] ACPI: SSDT 0x000000003FFF02A0 00036C (v01 VBOX   VBOXCPUT 00000002 INTL 20100528)
[    0.000000] No NUMA configuration found
[    0.000000] Faking a node at [mem 0x0000000000000000-0x000000003ffeffff]
[    0.000000] NODE_DATA(0) allocated [mem 0x3ffeb000-0x3ffeffff]
[    0.000000] kvm-clock: Using msrs 4b564d01 and 4b564d00
[    0.000000] kvm-clock: cpu 0, msr 0:3ffe3001, primary cpu clock
[    0.000000] kvm-clock: using sched offset of 4080514833 cycles
[    0.000000] clocksource: kvm-clock: mask: 0xffffffffffffffff max_cycles: 0x1cd42e4dffb, max_idle_ns: 881590591483 ns
[    0.000000] Zone ranges:
[    0.000000]   DMA      [mem 0x0000000000001000-0x0000000000ffffff]
[    0.000000]   DMA32    [mem 0x0000000001000000-0x000000003ffeffff]
[    0.000000]   Normal   empty
[    0.000000]   Device   empty
[    0.000000] Movable zone start for each node
[    0.000000] Early memory node ranges
[    0.000000]   node   0: [mem 0x0000000000001000-0x000000000009efff]
[    0.000000]   node   0: [mem 0x0000000000100000-0x000000003ffeffff]
[    0.000000] Initmem setup node 0 [mem 0x0000000000001000-0x000000003ffeffff]
[    0.000000] ACPI: PM-Timer IO Port: 0x4008
[    0.000000] IOAPIC[0]: apic_id 2, version 32, address 0xfec00000, GSI 0-23
[    0.000000] ACPI: INT_SRC_OVR (bus 0 bus_irq 0 global_irq 2 dfl dfl)
[    0.000000] ACPI: INT_SRC_OVR (bus 0 bus_irq 9 global_irq 9 low level)
[    0.000000] Using ACPI (MADT) for SMP configuration information
[    0.000000] smpboot: Allowing 2 CPUs, 0 hotplug CPUs
[    0.000000] PM: Registered nosave memory: [mem 0x00000000-0x00000fff]
[    0.000000] PM: Registered nosave memory: [mem 0x0009f000-0x0009ffff]
[    0.000000] PM: Registered nosave memory: [mem 0x000a0000-0x000effff]
[    0.000000] PM: Registered nosave memory: [mem 0x000f0000-0x000fffff]
[    0.000000] e820: [mem 0x40000000-0xfebfffff] available for PCI devices
[    0.000000] Booting paravirtualized kernel on KVM
[    0.000000] clocksource: refined-jiffies: mask: 0xffffffff max_cycles: 0xffffffff, max_idle_ns: 7645519600211568 ns
[    0.000000] setup_percpu: NR_CPUS:512 nr_cpumask_bits:512 nr_cpu_ids:2 nr_node_ids:1
[    0.000000] PERCPU: Embedded 33 pages/cpu @ffff88003fc00000 s95192 r8192 d31784 u1048576
[    0.000000] Built 1 zonelists in Node order, mobility grouping on.  Total pages: 257912
[    0.000000] Policy zone: DMA32
[    0.000000] Kernel command line: BOOT_IMAGE=/boot/vmlinuz-4.4.0-210-generic root=LABEL=cloudimg-rootfs ro console=tty1 console=ttyS0
[    0.000000] PID hash table entries: 4096 (order: 3, 32768 bytes)
[    0.000000] Memory: 997792K/1048120K available (8644K kernel code, 1332K rwdata, 4044K rodata, 1492K init, 1164K bss, 50328K reserved, 0K cma-reserved)
[    0.000000] SLUB: HWalign=64, Order=0-3, MinObjects=0, CPUs=2, Nodes=1
[    0.000000] Kernel/User page tables isolation: enabled
[    0.000000] Hierarchical RCU implementation.
[    0.000000] 	Build-time adjustment of leaf fanout to 64.
[    0.000000] 	RCU restricting CPUs from NR_CPUS=512 to nr_cpu_ids=2.
[    0.000000] RCU: Adjusting geometry for rcu_fanout_leaf=64, nr_cpu_ids=2
[    0.000000] NR_IRQS:33024 nr_irqs:440 16
[    0.000000] Console: colour VGA+ 80x25
[    0.000000] console [tty1] enabled
[    0.000000] console [ttyS0] enabled
[    0.000000] tsc: Detected 2807.996 MHz processor
[    0.865778] Calibrating delay loop (skipped) preset value.. 5615.99 BogoMIPS (lpj=11231984)
[    0.877871] pid_max: default: 32768 minimum: 301
[    0.886865] ACPI: Core revision 20150930
[    0.894739] ACPI: 2 ACPI AML tables successfully acquired and loaded
[    0.907324] Security Framework initialized
[    0.913041] Yama: becoming mindful.
[    0.919620] AppArmor: AppArmor initialized
[    0.927355] Dentry cache hash table entries: 131072 (order: 8, 1048576 bytes)
[    0.947139] Inode-cache hash table entries: 65536 (order: 7, 524288 bytes)
[    0.962540] Mount-cache hash table entries: 2048 (order: 2, 16384 bytes)
[    0.973849] Mountpoint-cache hash table entries: 2048 (order: 2, 16384 bytes)
[    0.986880] Initializing cgroup subsys io
[    0.995674] Initializing cgroup subsys memory
[    1.002523] Initializing cgroup subsys devices
[    1.009234] Initializing cgroup subsys freezer
[    1.019308] Initializing cgroup subsys net_cls
[    1.026841] Initializing cgroup subsys perf_event
[    1.034689] Initializing cgroup subsys net_prio
[    1.043640] Initializing cgroup subsys hugetlb
[    1.054191] Initializing cgroup subsys pids
[    1.064442] mce: CPU supports 0 MCE banks
[    1.071678] Last level iTLB entries: 4KB 64, 2MB 8, 4MB 8
[    1.084503] Last level dTLB entries: 4KB 64, 2MB 0, 4MB 0, 1GB 4
[    1.096821] Spectre V1 : Mitigation: usercopy/swapgs barriers and __user pointer sanitization
[    1.115215] Spectre V2 : Mitigation: Full generic retpoline
[    1.124313] Spectre V2 : Spectre v2 / SpectreRSB mitigation: Filling RSB on context switch
[    1.152934] Speculative Store Bypass: Vulnerable
[    1.165953] SRBDS: Unknown: Dependent on hypervisor status
[    1.182247] MDS: Mitigation: Clear CPU buffers
[    1.283814] Freeing SMP alternatives memory: 36K
[    1.470994] ftrace: allocating 32380 entries in 127 pages
[    2.786033] smpboot: APIC(0) Converting physical 0 to logical package 0
[    2.801362] smpboot: Max logical packages: 1
[    2.830410] ..TIMER: vector=0x30 apic1=0 pin1=2 apic2=-1 pin2=-1
[    2.948587] smpboot: CPU0: Intel(R) Core(TM) i7-6600U CPU @ 2.60GHz (family: 0x6, model: 0x4e, stepping: 0x3)
[    2.967696] Performance Events: unsupported p6 CPU model 78 no PMU driver, software events only.
[    3.187605] KVM setup paravirtual spinlock
[    3.196899] x86: Booting SMP configuration:
[    3.202749] .... node  #0, CPUs:      #1
[    3.209771] kvm-clock: cpu 1, msr 0:3ffe3041, secondary cpu clock
[    3.218210] mce: CPU supports 0 MCE banks
[    3.222736] TSC synchronization [CPU#0 -> CPU#1]:
[    3.229316] Measured 86566 cycles TSC warp between CPUs, turning off TSC clock.
[    3.239103] tsc: Marking TSC unstable due to check_tsc_sync_source failed
[    0.849374] x86: Booted up 1 node, 2 CPUs
[    0.852008] smpboot: Total of 2 processors activated (11231.98 BogoMIPS)
[    0.861094] devtmpfs: initialized
[    0.868689] evm: security.selinux
[    0.872003] evm: security.SMACK64
[    0.876007] evm: security.SMACK64EXEC
[    0.880005] evm: security.SMACK64TRANSMUTE
[    0.884009] evm: security.SMACK64MMAP
[    0.888005] evm: security.ima
[    0.892003] evm: security.capability
[    0.900458] clocksource: jiffies: mask: 0xffffffff max_cycles: 0xffffffff, max_idle_ns: 7645041785100000 ns
[    0.904020] futex hash table entries: 512 (order: 3, 32768 bytes)
[    0.908629] pinctrl core: initialized pinctrl subsystem
[    0.912699] RTC time: 11:41:40, date: 06/12/23
[    0.917523] NET: Registered protocol family 16
[    0.932042] cpuidle: using governor ladder
[    0.948020] cpuidle: using governor menu
[    0.952014] PCCT header not found.
[    0.956180] ACPI: bus type PCI registered
[    0.960005] acpiphp: ACPI Hot Plug PCI Controller Driver version: 0.5
[    0.964703] PCI: Using configuration type 1 for base access
[    0.993031] ACPI: Added _OSI(Module Device)
[    0.996004] ACPI: Added _OSI(Processor Device)
[    1.000005] ACPI: Added _OSI(3.0 _SCP Extensions)
[    1.004008] ACPI: Added _OSI(Processor Aggregator Device)
[    1.009514] ACPI: Executed 1 blocks of module-level executable AML code
[    1.022039] ACPI: Interpreter enabled
[    1.024016] ACPI: (supports S0 S5)
[    1.028005] ACPI: Using IOAPIC for interrupt routing
[    1.036401] PCI: Using host bridge windows from ACPI; if necessary, use "pci=nocrs" and report a bug
[    1.053208] ACPI: PCI Root Bridge [PCI0] (domain 0000 [bus 00-ff])
[    1.056012] acpi PNP0A03:00: _OSC: OS supports [ASPM ClockPM Segments MSI]
[    1.060783] acpi PNP0A03:00: _OSC: not requesting OS control; OS requires [ExtendedConfig ASPM ClockPM MSI]
[    1.064017] acpi PNP0A03:00: fail to add MMCONFIG information, can't access extended PCI configuration space under this bridge.
[    1.069090] PCI host bridge to bus 0000:00
[    1.072010] pci_bus 0000:00: root bus resource [io  0x0000-0x0cf7 window]
[    1.076011] pci_bus 0000:00: root bus resource [io  0x0d00-0xffff window]
[    1.080009] pci_bus 0000:00: root bus resource [mem 0x000a0000-0x000bffff window]
[    1.084010] pci_bus 0000:00: root bus resource [mem 0x40000000-0xfdffffff window]
[    1.088007] pci_bus 0000:00: root bus resource [bus 00-ff]
[    1.104289] pci 0000:00:01.1: legacy IDE quirk: reg 0x10: [io  0x01f0-0x01f7]
[    1.108007] pci 0000:00:01.1: legacy IDE quirk: reg 0x14: [io  0x03f6]
[    1.112011] pci 0000:00:01.1: legacy IDE quirk: reg 0x18: [io  0x0170-0x0177]
[    1.116008] pci 0000:00:01.1: legacy IDE quirk: reg 0x1c: [io  0x0376]
[    1.152385] pci 0000:00:07.0: quirk: [io  0x4000-0x403f] claimed by PIIX4 ACPI
[    1.156054] pci 0000:00:07.0: quirk: [io  0x4100-0x410f] claimed by PIIX4 SMB
[    1.176753] ACPI: PCI Interrupt Link [LNKA] (IRQs 5 9 10 *11)
[    1.188744] ACPI: PCI Interrupt Link [LNKB] (IRQs 5 9 *10 11)
[    1.197502] ACPI: PCI Interrupt Link [LNKC] (IRQs 5 *9 10 11)
[    1.205639] ACPI: PCI Interrupt Link [LNKD] (IRQs 5 9 10 *11)
[    1.217199] ACPI: Enabled 2 GPEs in block 00 to 07
[    1.220460] vgaarb: setting as boot device: PCI:0000:00:02.0
[    1.224000] vgaarb: device added: PCI:0000:00:02.0,decodes=io+mem,owns=io+mem,locks=none
[    1.224009] vgaarb: loaded
[    1.228006] vgaarb: bridge control possible 0000:00:02.0
[    1.232577] SCSI subsystem initialized
[    1.236280] ACPI: bus type USB registered
[    1.240065] usbcore: registered new interface driver usbfs
[    1.244067] usbcore: registered new interface driver hub
[    1.248025] usbcore: registered new device driver usb
[    1.256445] PCI: Using ACPI for IRQ routing
[    1.264426] NetLabel: Initializing
[    1.268006] NetLabel:  domain hash size = 128
[    1.272004] NetLabel:  protocols = UNLABELED CIPSOv4
[    1.276061] NetLabel:  unlabeled traffic allowed by default
[    1.280180] amd_nb: Cannot enumerate AMD northbridges
[    1.284503] clocksource: Switched to clocksource kvm-clock
[    1.317361] AppArmor: AppArmor Filesystem Enabled
[    1.317361] pnp: PnP ACPI init
[    1.349916] pnp: PnP ACPI: found 3 devices
[    1.416524] clocksource: acpi_pm: mask: 0xffffff max_cycles: 0xffffff, max_idle_ns: 2085701024 ns
[    1.420451] NET: Registered protocol family 2
[    1.437099] TCP established hash table entries: 8192 (order: 4, 65536 bytes)
[    1.440035] TCP bind hash table entries: 8192 (order: 5, 131072 bytes)
[    1.440035] TCP: Hash tables configured (established 8192 bind 8192)
[    1.440035] UDP hash table entries: 512 (order: 2, 16384 bytes)
[    1.440035] UDP-Lite hash table entries: 512 (order: 2, 16384 bytes)
[    1.440035] NET: Registered protocol family 1
[    1.440035] pci 0000:00:00.0: Limiting direct PCI/PCI transfers
[    1.440035] pci 0000:00:01.0: Activating ISA DMA hang workarounds
[    1.440035] Unpacking initramfs...
[    1.440035] Freeing initrd memory: 14888K
[    1.440035] clocksource: tsc: mask: 0xffffffffffffffff max_cycles: 0x2879c1f082b, max_idle_ns: 440795218555 ns
[    1.440035] platform rtc_cmos: registered platform RTC device (no PNP device found)
[    1.440035] Scanning for low memory corruption every 60 seconds
[    2.056033] audit: initializing netlink subsys (disabled)
[    2.064006] audit: type=2000 audit(1686570104.345:1): initialized
[    2.073091] Initialise system trusted keyring
[    2.082284] HugeTLB registered 2 MB page size, pre-allocated 0 pages
[    2.094444] zbud: loaded
[    2.100374] VFS: Disk quotas dquot_6.6.0
[    2.106871] VFS: Dquot-cache hash table entries: 512 (order 0, 4096 bytes)
[    2.110714] squashfs: version 4.0 (2009/01/31) Phillip Lougher
[    2.129123] fuse init (API version 7.23)
[    2.136784] Key type big_key registered
[    2.140492] Allocating IMA MOK and blacklist keyrings.
[    2.174072] Key type asymmetric registered
[    2.180595] Asymmetric key parser 'x509' registered
[    2.188300] Block layer SCSI generic (bsg) driver version 0.4 loaded (major 249)
[    2.201085] io scheduler noop registered
[    2.207616] io scheduler deadline registered (default)
[    2.214949] io scheduler cfq registered
[    2.220677] pci_hotplug: PCI Hot Plug PCI Core version: 0.5
[    2.224357] pciehp: PCI Express Hot Plug Controller Driver version: 0.4
[    2.224357] ACPI: AC Adapter [AC] (on-line)
[    2.224357] input: Power Button as /devices/LNXSYSTM:00/LNXPWRBN:00/input/input0
[    2.224357] ACPI: Power Button [PWRF]
[    2.224357] input: Sleep Button as /devices/LNXSYSTM:00/LNXSLPBN:00/input/input1
[    2.224357] ACPI: Sleep Button [SLPF]
[    2.276320] GHES: HEST is not enabled!
[    2.279197] ACPI: Battery Slot [BAT0] (battery present)
[    2.292167] Serial: 8250/16550 driver, 32 ports, IRQ sharing enabled
[    2.329553] 00:02: ttyS0 at I/O 0x3f8 (irq = 4, base_baud = 115200) is a 16550A
[    2.367231] Linux agpgart interface v0.103
[    2.393594] loop: module loaded
[    2.402433] scsi host0: ata_piix
[    2.408637] scsi host1: ata_piix
[    2.413775] ata1: PATA max UDMA/33 cmd 0x1f0 ctl 0x3f6 bmdma 0xd000 irq 14
[    2.417651] ata2: PATA max UDMA/33 cmd 0x170 ctl 0x376 bmdma 0xd008 irq 15
[    2.433817] libphy: Fixed MDIO Bus: probed
[    2.440620] tun: Universal TUN/TAP device driver, 1.6
[    2.448065] tun: (C) 1999-2004 Max Krasnyansky <maxk@qualcomm.com>
[    2.457296] PPP generic driver version 2.4.2
[    2.464195] ehci_hcd: USB 2.0 'Enhanced' Host Controller (EHCI) Driver
[    2.473556] ehci-pci: EHCI PCI platform driver
[    2.477489] ehci-platform: EHCI generic platform driver
[    2.477489] ohci_hcd: USB 1.1 'Open' Host Controller (OHCI) Driver
[    2.477489] ohci-pci: OHCI PCI platform driver
[    2.477489] ohci-platform: OHCI generic platform driver
[    2.477489] uhci_hcd: USB Universal Host Controller Interface driver
[    2.477489] i8042: PNP: PS/2 Controller [PNP0303:PS2K,PNP0f03:PS2M] at 0x60,0x64 irq 1,12
[    2.537776] serio: i8042 KBD port at 0x60,0x64 irq 1
[    2.539281] serio: i8042 AUX port at 0x60,0x64 irq 12
[    2.554192] mousedev: PS/2 mouse device common for all mice
[    2.570213] rtc_cmos rtc_cmos: rtc core: registered rtc_cmos as rtc0
[    2.579967] input: AT Translated Set 2 keyboard as /devices/platform/i8042/serio0/input/input2
[    2.591765] rtc_cmos rtc_cmos: alarms up to one day, 114 bytes nvram
[    2.600698] i2c /dev entries driver
[    2.607509] device-mapper: uevent: version 1.0.3
[    2.633043] device-mapper: ioctl: 4.34.0-ioctl (2015-10-28) initialised: dm-devel@redhat.com
[    2.647680] ledtrig-cpu: registered to indicate activity on CPUs
[    2.678117] NET: Registered protocol family 10
[    2.686923] NET: Registered protocol family 17
[    2.694656] Key type dns_resolver registered
[    2.705707] registered taskstats version 1
[    2.712331] Loading compiled-in X.509 certificates
[    2.721057] Loaded X.509 cert 'Build time autogenerated kernel key: cf00e047681d67edb2720680708b7d9498083038'
[    2.736065] zswap: loaded using pool lzo/zbud
[    2.750555] Key type trusted registered
[    2.770593] Key type encrypted registered
[    2.777052] AppArmor: AppArmor sha1 policy hashing enabled
[    2.785203] ima: No TPM chip found, activating TPM-bypass!
[    2.793599] ima: Allocated hash algorithm: sha1
[    2.800418] evm: HMAC attrs: 0x1
[    2.807207]   Magic number: 11:200:681
[    2.814148] rtc_cmos rtc_cmos: setting system clock to 2023-06-12 11:41:42 UTC (1686570102)
[    2.826092] BIOS EDD facility v0.16 2004-Jun-25, 0 devices found
[    2.834311] EDD information not available.
[    2.842599] Freeing unused kernel memory: 1492K
[    2.849255] Write protecting the kernel read-only data: 14336k
[    2.857394] Freeing unused kernel memory: 1584K
[    2.864222] Freeing unused kernel memory: 52K
Loading, please wait...
starting version 229
[    2.911017] random: systemd-udevd: uninitialized urandom read (16 bytes read, 11 bits of entropy available)
[    2.912393] random: udevadm: uninitialized urandom read (16 bytes read, 11 bits of entropy available)
[    2.912420] random: udevadm: uninitialized urandom read (16 bytes read, 11 bits of entropy available)
[    2.934369] random: udevadm: uninitialized urandom read (16 bytes read, 11 bits of entropy available)
[    2.934412] random: udevadm: uninitialized urandom read (16 bytes read, 11 bits of entropy available)
[    2.934617] random: udevadm: uninitialized urandom read (16 bytes read, 11 bits of entropy available)
[    2.934665] random: udevadm: uninitialized urandom read (16 bytes read, 11 bits of entropy available)
[    2.934803] random: udevadm: uninitialized urandom read (16 bytes read, 11 bits of entropy available)
[    2.934854] random: udevadm: uninitialized urandom read (16 bytes read, 11 bits of entropy available)
[    2.934907] random: udevadm: uninitialized urandom read (16 bytes read, 11 bits of entropy available)
[    3.107933] e1000: Intel(R) PRO/1000 Network Driver - version 7.3.21-k8-NAPI
[    3.121580] e1000: Copyright (c) 1999-2006 Intel Corporation.
[    3.152666] Fusion MPT base driver 3.04.20
[    3.164948] Copyright (c) 1999-2008 LSI Corporation
[    3.190768] Fusion MPT SPI Host driver 3.04.20
[    3.218167] SSE version of gcm_enc/dec engaged.
[    3.495827] input: ImExPS/2 Generic Explorer Mouse as /devices/platform/i8042/serio1/input/input4
[    4.153367] e1000 0000:00:03.0 eth0: (PCI:33MHz:32-bit) 02:be:82:6b:cc:1d
[    4.169660] e1000 0000:00:03.0 eth0: Intel(R) PRO/1000 Network Connection
[    4.183154] mptbase: ioc0: Initiating bringup
[    4.291966] ioc0: LSI53C1030 A0: Capabilities={Initiator}
[    4.530083] scsi host2: ioc0: LSI53C1030 A0, FwRev=00000000h, Ports=1, MaxQ=256, IRQ=20
[    4.654548] scsi 2:0:0:0: Direct-Access     VBOX     HARDDISK         1.0  PQ: 0 ANSI: 5
[    4.667881] scsi target2:0:0: Beginning Domain Validation
[    4.685005] scsi target2:0:0: Domain Validation skipping write tests
[    4.693314] scsi target2:0:0: Ending Domain Validation
[    4.700621] scsi target2:0:0: asynchronous
[    4.713161] scsi 2:0:1:0: Direct-Access     VBOX     HARDDISK         1.0  PQ: 0 ANSI: 5
[    4.725409] scsi target2:0:1: Beginning Domain Validation
[    4.743767] scsi target2:0:1: Domain Validation skipping write tests
[    4.752239] scsi target2:0:1: Ending Domain Validation
[    4.760743] scsi target2:0:1: asynchronous
[    4.790841] sd 2:0:0:0: Attached scsi generic sg0 type 0
[    4.801317] sd 2:0:1:0: Attached scsi generic sg1 type 0
[    4.803505] sd 2:0:1:0: [sdb] 20480 512-byte logical blocks: (10.5 MB/10.0 MiB)
[    4.804994] sd 2:0:1:0: [sdb] Write Protect is off
[    4.805765] sd 2:0:1:0: [sdb] Incomplete mode parameter data
[    4.805767] sd 2:0:1:0: [sdb] Assuming drive cache: write through
[    4.807039] sd 2:0:0:0: [sda] 83886080 512-byte logical blocks: (42.9 GB/40.0 GiB)
[    4.808329] sd 2:0:0:0: [sda] Write Protect is off
[    4.809145] sd 2:0:0:0: [sda] Incomplete mode parameter data
[    4.809146] sd 2:0:0:0: [sda] Assuming drive cache: write through
[    4.899010]  sda: sda1
[    4.908787] sd 2:0:0:0: [sda] Attached SCSI disk
[    4.915811] sd 2:0:1:0: [sdb] Attached SCSI disk
[    5.677331] e1000 0000:00:08.0 eth1: (PCI:33MHz:32-bit) 08:00:27:a2:9d:79
[    5.687610] e1000 0000:00:08.0 eth1: Intel(R) PRO/1000 Network Connection
[    5.701399] e1000 0000:00:03.0 enp0s3: renamed from eth0
[    5.717131] e1000 0000:00:08.0 enp0s8: renamed from eth1
Begin: Loading essential drivers ... [    7.613910] md: linear personality registered for level -1
[    7.628922] md: multipath personality registered for level -4
[    7.642172] md: raid0 personality registered for level 0
[    7.678068] md: raid1 personality registered for level 1
[    9.348526] raid6: sse2x1   gen() 115166 MB/s
[   11.349003] raid6: sse2x1   xor() 117944 MB/s
[   13.350484] raid6: sse2x2   gen() 191865 MB/s
[   13.424322] raid6: sse2x2   xor()  7854 MB/s
[   13.497265] raid6: sse2x4   gen() 10022 MB/s
[   13.569182] raid6: sse2x4   xor()  6046 MB/s
[   13.577081] raid6: using algorithm sse2x2 gen() 191865 MB/s
[   13.588042] raid6: .... xor() 7854 MB/s, rmw enabled
[   13.596959] raid6: using ssse3x2 recovery algorithm
[   13.613909] xor: measuring software checksum speed
[   13.661374]    prefetch64-sse: 16846.000 MB/sec
[   13.708673]    generic_sse: 12741.000 MB/sec
[   13.718187] xor: using function: prefetch64-sse (16846.000 MB/sec)
[   13.731096] async_tx: api initialized (async)
[   13.797847] md: raid6 personality registered for level 6
[   13.805430] md: raid5 personality registered for level 5
[   13.812799] md: raid4 personality registered for level 4
[   13.852866] md: raid10 personality registered for level 10
done.
Begin: Running /scripts/init-premount ... done.
Begin: Mounting root file system ... Begin: Running /scripts/local-top ... done.
Begin: Running /scripts/local-premount ... [   14.035975] Btrfs loaded
Scanning for Btrfs filesystems
done.
Warning: fsck not present, so skipping root file system
[   14.148410] EXT4-fs (sda1): mounted filesystem with ordered data mode. Opts: (null)
done.
Begin: Running /scripts/local-bottom ... done.
Begin: Running /scripts/init-bottom ... done.
[   14.484346] systemd[1]: systemd 229 running in system mode. (+PAM +AUDIT +SELINUX +IMA +APPARMOR +SMACK +SYSVINIT +UTMP +LIBCRYPTSETUP +GCRYPT +GNUTLS +ACL +XZ -LZ4 +SECCOMP +BLKID +ELFUTILS +KMOD -IDN)
[   14.507944] systemd[1]: Detected virtualization oracle.
[   14.516717] systemd[1]: Detected architecture x86-64.

Welcome to [1mUbuntu 16.04.7 LTS[0m!

[   14.540621] systemd[1]: Set hostname to <ubuntu>.
[   14.556468] systemd[1]: Initializing machine ID from random generator.
[   14.566395] systemd[1]: Installed transient /etc/machine-id file.
[   14.868612] random: nonblocking pool is initialized
[   14.912083] systemd[1]: Created slice System Slice.
[[0;32m  OK  [0m] Created slice System Slice.
[   14.928037] systemd[1]: Listening on udev Control Socket.
[[0;32m  OK  [0m] Listening on udev Control Socket.
[   14.945917] systemd[1]: Reached target System Time Synchronized.
[[0;32m  OK  [0m] Reached target System Time Synchronized.
[   14.963628] systemd[1]: Listening on LVM2 poll daemon socket.
[[0;32m  OK  [0m] Listening on LVM2 poll daemon socket.
[   14.981508] systemd[1]: Started Trigger resolvconf update for networkd DNS.
[[0;32m  OK  [0m] Started Trigger resolvconf update for networkd DNS.
[   15.002165] systemd[1]: Listening on udev Kernel Socket.
[[0;32m  OK  [0m] Listening on udev Kernel Socket.
[   15.020149] systemd[1]: Listening on Journal Socket (/dev/log).
[[0;32m  OK  [0m] Listening on Journal Socket (/dev/log).
[   15.036489] systemd[1]: Listening on Syslog Socket.
[[0;32m  OK  [0m] Listening on Syslog Socket.
[   15.051756] systemd[1]: Reached target Swap.
[[0;32m  OK  [0m] Reached target Swap.
[   15.066583] systemd[1]: Started Forward Password Requests to Wall Directory Watch.
[[0;32m  OK  [0m] Started Forward Password Requests to Wall Directory Watch.
[   15.088193] systemd[1]: Listening on Journal Audit Socket.
[[0;32m  OK  [0m] Listening on Journal Audit Socket.
[   15.106562] systemd[1]: Created slice User and Session Slice.
[[0;32m  OK  [0m] Created slice User and Session Slice.
[   15.123323] systemd[1]: Reached target Slices.
[[0;32m  OK  [0m] Reached target Slices.
[   15.137678] systemd[1]: Listening on Journal Socket.
[[0;32m  OK  [0m] Listening on Journal Socket.
[   15.176942] systemd[1]: Starting Load Kernel Modules...
         Starting Load Kernel Modules...
[   15.201416] systemd[1]: Mounting Huge Pages File System...
         Mounting Huge Pages File System...
[   15.218245] Loading iSCSI transport class v2.0-870.
[   15.219080] systemd[1]: Starting Uncomplicated firewall...
         Starting Uncomplicated firewall...
[   15.241709] systemd[1]: Starting Journal Service...
         Starting Journal Service...
[   15.262381] iscsi: registered transport (tcp)
[   15.263780] systemd[1]: Mounting Debug File System...
         Mounting Debug File System...
[   15.295331] systemd[1]: Starting Create list of required static device nodes for the current kernel...
         Starting Create list of required st... nodes for the current kernel...
[   15.326760] systemd[1]: Set up automount Arbitrary Executable File Formats File System Automount Point.
[[0;32m  OK  [0m] Set up automount Arbitrary Executab...ats File System Automount Point.
[   15.360827] systemd[1]: Listening on /dev/initctl Compatibility Named Pipe.
[[0;32m  OK  [0m] Listening on /dev/initctl Compatibility Named Pipe.
[   15.391384] systemd[1]: Listening on LVM2 metadata daemon socket.
[[0;32m  OK  [0m] Listening on LVM2 metadata daemon socket.
[   15.437846] systemd[1]: Starting Set console keymap...
         Starting Set console keymap...
[   15.461106] systemd[1]: Created slice system-serial\x2dgetty.slice.
[[0;32m  OK  [0m] Created slice system-serial\x2dgetty.slice.
[   15.486813] systemd[1]: Listening on fsck to fsckd communication Socket.
[[0;32m  OK  [0m] Listening on fsck to fsckd communication Socket.
[   15.528978] systemd[1]: Starting File System Check on Root Device...
         Starting File System Check on Root Device...
[   15.553796] systemd[1]: Starting Nameserver information manager...
[   15.570469] iscsi: registered transport (iser)
         Starting Nameserver information manager...
[   15.584042] systemd[1]: Mounting POSIX Message Queue File System...
         Mounting POSIX Message Queue File System...
[   15.603956] systemd[1]: Listening on Device-mapper event daemon FIFOs.
[[0;32m  OK  [0m] Listening on Device-mapper event daemon FIFOs.
[   15.637067] systemd[1]: Starting Monitoring of LVM2 mirrors, snapshots etc. using dmeventd or progress polling...
         Starting Monitoring of LVM2 mirrors... dmeventd or progress polling...
[   15.664586] systemd[1]: Reached target Encrypted Volumes.
[[0;32m  OK  [0m] Reached target Encrypted Volumes.
[   15.681829] systemd[1]: Reached target User and Group Name Lookups.
[[0;32m  OK  [0m] Reached target User and Group Name Lookups.
[   15.716578] systemd[1]: Mounted Huge Pages File System.
[[0;32m  OK  [0m] Mounted Huge Pages File System.
[   15.751460] systemd[1]: Mounted POSIX Message Queue File System.
[[0;32m  OK  [0m] Mounted POSIX Message Queue File System.
[   15.770765] systemd[1]: Mounted Debug File System.
[[0;32m  OK  [0m] Mounted Debug File System.
[   15.785089] systemd[1]: Started Journal Service.
[[0;32m  OK  [0m] Started Journal Service.
[[0;32m  OK  [0m] Started Load Kernel Modules.
[[0;32m  OK  [0m] Started Uncomplicated firewall.
[[0;32m  OK  [0m] Started Create list of required sta...ce nodes for the current kernel.
[[0;32m  OK  [0m] Started Set console keymap.
[[0;32m  OK  [0m] Started File System Check on Root Device.
[[0;32m  OK  [0m] Started File System Check Daemon to report status.
[[0;32m  OK  [0m] Started LVM2 metadata daemon.
         Starting Remount Root and Kernel File Systems...[   15.902010] EXT4-fs (sda1): re-mounted. Opts: (null)

         Starting Create Static Device Nodes in /dev...
         Mounting FUSE Control File System...
         Starting Apply Kernel Variables...
[[0;32m  OK  [0m] Mounted FUSE Control File System.
[[0;32m  OK  [0m] Started Nameserver information manager.
[[0;32m  OK  [0m] Started Remount Root and Kernel File Systems.
[[0;32m  OK  [0m] Started Create Static Device Nodes in /dev.
[[0;32m  OK  [0m] Started Apply Kernel Variables.
         Starting udev Kernel Device Manager...
         Starting udev Coldplug all Devices...
         Starting Flush Journal to Persistent Storage...
         Starting Load/Save Random Seed...
[[0;32m  OK  [0m] Started udev Kernel Device Manager.
[[0;32m  OK  [0m] Started Monitoring of LVM2 mirrors,...ng dmeventd or progress polling.
[[0;32m  OK  [0m] Started Load/Save Random Seed.
[[0;32m  OK  [0m] Reached target Local File Systems (Pre).
[[0;32m  OK  [0m] Reached target Local File Systems.
         Starting Initial cloud-init job (pre-networking)...
         Starting Commit a transient machine-id on disk...
         Starting Set console font and keymap...
         Starting LSB: AppArmor initialization...
         Starting Tell Plymouth To Write Out Runtime Data...
[[0;32m  OK  [0m] Started udev Coldplug all Devices.
[[0;32m  OK  [0m] Started Commit a transient machine-id on disk.
[[0;32m  OK  [0m] Started Tell Plymouth To Write Out Runtime Data.
[[0;32m  OK  [0m] Started Dispatch Password Requests to Console Directory Watch.
[[0;32m  OK  [0m] Started Flush Journal to Persistent Storage.
         Starting Create Volatile Files and Directories...
[[0;32m  OK  [0m] Started Create Volatile Files and Directories.
         Starting Update UTMP about System Boot/Shutdown...
[[0;32m  OK  [0m] Found device /dev/ttyS0.
[[0;32m  OK  [0m] Listening on Load/Save RF Kill Switch Status /dev/rfkill Watch.
[[0;32m  OK  [0m] Started Update UTMP about System Boot/Shutdown.
[[0;32m  OK  [0m] Started LSB: AppArmor initialization.
[   19.166617] cloud-init[485]: Cloud-init v. 21.1-19-gbad84ad4-0ubuntu1~16.04.2 running 'init-local' at Mon, 12 Jun 2023 11:41:58 +0000. Up 18.55 seconds.
         Starting Load AppArmor profiles managed internally by snapd...
[[0;32m  OK  [0m] Started Initial cloud-init job (pre-networking).
[[0;32m  OK  [0m] Started Load AppArmor profiles managed internally by snapd.
[[0;32m  OK  [0m] Reached target Network (Pre).
         Starting Raise network interfaces...
[[0;32m  OK  [0m] Started Set console font and keymap.
[[0;32m  OK  [0m] Created slice system-getty.slice.
[[0;32m  OK  [0m] Started Raise network interfaces.
[[0;32m  OK  [0m] Reached target Network.
         Starting Initial cloud-init job (metadata service crawler)...
[   21.996543] cloud-init[959]: Cloud-init v. 21.1-19-gbad84ad4-0ubuntu1~16.04.2 running 'init' at Mon, 12 Jun 2023 11:42:00 +0000. Up 21.09 seconds.
[   22.011400] cloud-init[959]: ci-info: ++++++++++++++++++++++++++++++++++++++Net device info+++++++++++++++++++++++++++++++++++++++
[   22.022785] cloud-init[959]: ci-info: +--------+-------+----------------------------+---------------+--------+-------------------+
[   22.034820] cloud-init[959]: ci-info: | Device |   Up  |          Address           |      Mask     | Scope  |     Hw-Address    |
[   22.048877] cloud-init[959]: ci-info: +--------+-------+----------------------------+---------------+--------+-------------------+[[0;32m  OK  [0m] Started Initial cloud-init job (metadata service crawler).
[[0;32m  OK  [0m] Reached target Cloud-config availability.
[[0;32m  OK  [0m] Reached target Network is Online.

[   22.068801] cloud-init[959]: ci-info: | enp0s3 |  True |         10.0.2.15          | 255.255.255.0 | global | 02:be:82:6b:cc:1d |
[   22.077225] cloud-init[959]: ci-info: | enp0s3 |  True | fe80::be:82ff:fe6b:cc1d/64 |       .       |  link  | 02:be:82:6b:cc:1d |
[   22.091917]          Starting iSCSI initiator daemon (iscsid)...
[[0;32m  OK  [0m] Reached target System Initialization.
[[0;32m  OK  [0m] Listening on UUID daemon activation socket.
[[0;32m  OK  [0m] Started Message of the Day.
[[0;32m  OK  [0m] Listening on D-Bus System Message Bus Socket.
cloud-init         Starting LXD - unix socket.
[959]: [[0;32m  OK  [0m] Started ACPI Events Check.
[[0;32m  OK  [0m] Reached target Paths.
[[0;32m  OK  [0m] Listening on ACPID Listen Socket.
[[0;32m  OK  [0m] Started Daily apt download activities.
[[0;32m  OK  [0m] Started Daily apt upgrade and clean activities.
[[0;32m  OK  [0m] Started Daily Cleanup of Temporary Directories.
         Starting Socket activation for snappy daemon.
[[0;32m  OK  [0m] Started Ubuntu Advantage update messaging.
[[0;32m  OK  [0m] Reached target Timers.
[[0;32m  OK  [0m] Listening on LXD - unix socket.
[[0;32m  OK  [0m] Listening on Socket activation for snappy daemon.
[[0;32m  OK  [0m] Reached target Sockets.
[[0;32m  OK  [0m] Reached target Basic System.
ci-info: | enp0s8 | False |             .              |       .       |   .    | 08:00:27:a2:9d:79 |[[0;32m  OK  [0m] Started FUSE filesystem for LXC.
         Starting Accounts Service...
         Starting Login Service...
         Starting Virtualbox guest utils...
         Starting LXD - container startup/shutdown...

[[0;32m  OK  [0m] Started ACPI event daemon.
[[0;32m  OK  [0m] Started Deferred execution scheduler.
[[0;32m  OK  [0m] Started Regular background program processing daemon.
         Starting Snap Daemon...
         Starting /etc/rc.local Compatibility...
         Starting System Logging Service...
[   22.230593] cloud-init[959]: ci-info: |   lo   |  True |         127.0.0.1          |   255.0.0.0   |  host  |         .         |
[[0;32m  OK  [0m] Started D-Bus System Message Bus.
[   22.259041] cloud-init[959]: ci-info: |   lo   |  True |          ::1/128           |       .       |  host  |         .         |
[   22.292861] cloud-init[959]: ci-info: +--------+-------+----------------------------+---------------+--------+-------------------+
[   22.315765] cloud-init[959]: ci-info: +++++++++++++++++++++++++++Route IPv4 info++++++++++++++++++++++++++++
[   22.335483] cloud-init[959]: ci-info: +-------+-------------+----------+---------------+-----------+-------+
[   22.381518] cloud-init[959]: ci-info: | Route | Destination | Gateway  |    Genmask    | Interface | Flags |
         Starting LSB: Record successful boot for GRUB...
         Starting LSB: MD monitoring daemon...
[   22.429880] cloud-init[959]: ci-info: +-------+-------------+----------+---------------+-----------+-------+
         Starting Pollinate to seed the pseudo random number generator...
[   22.489379] cloud-init[959]: ci-info: |   0   |   0.0.0.0   | 10.0.2.2 |    0.0.0.0    |   enp0s3  |   UG  |
[   22.511750] cloud-init[959]: ci-info: |   1   |   10.0.2.0  | 0.0.0.0  | 255.255.255.0 |   enp0s3  |   U   |
[   22.511987] cloud-init[959]: ci-info: +-------+-------------+----------+---------------+-----------+-------+
[   22.514948] cloud-init[959]: ci-info: +++++++++++++++++++Route IPv6 info+++++++++++++++++++
[[0;32m  OK  [0m] Started System Logging Service.
[   22.517988] cloud-init[959]: ci-info: +-------+-------------+---------+-----------+-------+
[   22.550170] cloud-init[959]: ci-info: | Route | Destination | Gateway | Interface | Flags |
[   22.568949] [[0;32m  OK  [0m] Started /etc/rc.local Compatibility.
cloud-init[[0;32m  OK  [0m] Started Login Service.
[[0;32m  OK  [0m] Started Unattended Upgrades Shutdown.
         Starting Authenticate and Authorize Users to Run Privileged Tasks...
[959]: ci-info: +-------+-------------+---------+-----------+-------+
[[0;32m  OK  [0m] Started iSCSI initiator daemon (iscsid).
[[0;32m  OK  [0m] Started LSB: Record successful boot for GRUB.
[[0;32m  OK  [0m] Started LSB: MD monitoring daemon.
[   22.726938] cloud-init[959]:          Starting Login to default iSCSI targets...
ci-info: |   0   |  fe80::/64  |    ::   |   enp0s3  |   U   |
[[0;32m  OK  [0m] Started LXD - container startup/shutdown.
[   22.826882] cloud-init[959]: ci-info: |   3   |   ff00::/8  |    ::   |   enp0s3  |   U   |[[0;32m  OK  [0m] Started Authenticate and Authorize Users to Run Privileged Tasks.

[   22.856547] [[0;32m  OK  [0m] Started Accounts Service.
cloud-init[[0;32m  OK  [0m] Started Login to default iSCSI targets.
[[0;32m  OK  [0m] Reached target Remote File Systems (Pre).
[[0;32m  OK  [0m] Reached target Remote File Systems.
         Starting LSB: automatic crash report generation...
         Starting LSB: daemon to balance interrupts for SMP systems...
         Starting LSB: Set the CPU Frequency Scaling governor to "ondemand"...
         Starting Permit User Sessions...
[[0;32m  OK  [0m] Started Permit User Sessions.
         Starting Terminate Plymouth Boot Screen...
         Starting Hold until boot process finishes up...
[[0;32m  OK  [0m] Started Hold until boot process finishes up.
         Starting Set console scheme...
[[0;32m  OK  [0m] Started Serial Getty on ttyS0.
[[0;32m  OK  [0m] Started Getty on tty1.
[959]: [[0;32m  OK  [0m] Reached target Login Prompts.
ci-info: +-------+-------------+---------+-----------+-------+[[0;32m  OK  [0m] Started Terminate Plymouth Boot Screen.
[[0;32m  OK  [0m] Started Set console scheme.

[   22.980282] cloud-init[959]: Generating public/private rsa key pair.
[[0;32m  OK  [0m] Started LSB: Set the CPU Frequency Scaling governor to "ondemand".
[   23.007215] cloud-init[959]: Your identification has been saved in /etc/ssh/ssh_host_rsa_key.
[   23.036819] cloud-init[959]: Your public key has been saved in /etc/ssh/ssh_host_rsa_key.pub.
[[0;32m  OK  [0m] Started LSB: daemon to balance interrupts for SMP systems.
[   23.103627] cloud-init[959]: The key fingerprint is:
[[0;32m  OK  [0m] Started Virtualbox guest utils.
[   23.126789] cloud-init[959]: SHA256:K1cV7gOXY4Y7xXRxrKSM8StsnxYXO0/OUmV8mhX2GWY root@ubuntu-xenial
[   23.154508] cloud-init[959]: The key's randomart image is:
[[0;32m  OK  [0m] Started LSB: automatic crash report generation.
[   23.182896] cloud-init[959]: +---[RSA 2048]----+
[   23.194125] cloud-init[959]: |            o oo.|
[   23.201185] cloud-init[959]: |          .= +.E.|
[   23.207296] cloud-init[959]: |          o=@o+o=|
[   23.219896] cloud-init[959]: |          .X+.o.B|
[   23.236927] cloud-init[959]: |        S.+ o. Bo|
[   23.265125] cloud-init[959]: |         o+.o.* o|
[   23.294044] cloud-init[959]: |      . o. o + B |
[   23.317729] cloud-init[959]: |       o    + . +|
[   23.350693] cloud-init[959]: |           .   . |
[   23.373899] cloud-init[959]: +----[SHA256]-----+
[   23.389181] cloud-init[959]: Generating public/private dsa key pair.
[   23.406169] cloud-init[959]: Your identification has been saved in /etc/ssh/ssh_host_dsa_key.
[   23.423676] cloud-init[959]: Your public key has been saved in /etc/ssh/ssh_host_dsa_key.pub.[[0;32m  OK  [0m] Started Snap Daemon.

[   23.454780] cloud-init[959]: The key fingerprint is:
         Starting Wait until snapd is fully seeded...[   23.467318] 
cloud-init[959]: SHA256:XmWTe2qGJW+41D/4MUWiwTn+NRZN1KrYDYl3bEdqK5U root@ubuntu-xenial
[   23.498553] cloud-init[959]: The key's randomart image is:
[   23.510426] cloud-init[959]: +---[DSA 1024]----+
[   23.549627] cloud-init[959]: |               .+|
[   23.604306] cloud-init[959]: |           . o .+|
[   23.652405] cloud-init[959]: |           .Xo.*o|
[   23.672412] cloud-init[959]: |          .++*Eoo|
[   23.701213] cloud-init[959]: |        S o+=O.=o|
[   23.715798] cloud-init[959]: |       . ..B+++o.|
[[0;32m  OK  [0m] Started Wait until snapd is fully seeded.[   23.748256] cloud-init[959]: |        . + Bo+  |
[   23.749062] cloud-init[959]: |         . =...o |
[   23.749708] cloud-init[959]: |          .  .o. |
[   23.750116] cloud-init[959]: +----[SHA256]-----+
[   23.750714] cloud-init[959]: Generating public/private ecdsa key pair.
[   23.751271] cloud-init[959]: Your identification has been saved in /etc/ssh/ssh_host_ecdsa_key.
[   23.751892] cloud-init[959]: Your public key has been saved in /etc/ssh/ssh_host_ecdsa_key.pub.
[   23.756877] cloud-init[959]: The key fingerprint is:
[   23.764806] cloud-init[959]: SHA256:lagClknf6EckXW3rI4GZxLkJ8Tw1LfZPHVp1fgQJdCI root@ubuntu-xenial
[   23.765706] cloud-init[959]: The key's randomart image is:
[   23.766268] cloud-init[959]: +---[ECDSA 256]---+
[   23.766705] cloud-init[959]: |  . o+.o+oE.+.o++|
[   23.767250] cloud-init[959]: | . +.B=.oo+o o+o.|
[   23.767689] cloud-init[959]: |  = oo*B.+o. + .o|
[   23.768705] cloud-init[959]: | . o .*o..o o . .|
[   23.769245] cloud-init[959]: |    o o So o     |
[   23.769780] cloud-init[959]: |     o  . o .    |
[   23.770285] cloud-init[959]: |         . .     |
[   23.770706] cloud-init[959]: |                 |
[   23.771168] cloud-init[959]: |                 |
[   23.771871] cloud-init[959]: +----[SHA256]-----+
[   23.772501] cloud-init[959]: Generating public/private ed25519 key pair.
[   23.772609] cloud-init[959]: Your identification has been saved in /etc/ssh/ssh_host_ed25519_key.
[   23.774689] cloud-init[959]: Your public key has been saved in /etc/ssh/ssh_host_ed25519_key.pub.
[   23.783958] cloud-init[959]: The key fingerprint is:
[   23.785554] cloud-init[959]: SHA256:w9dtnwalQQZ/WCI6OGweu4r1smtL0JLROR8RKsI6ZYc root@ubuntu-xenial
[   23.786026] cloud-init[959]: The key's randomart image is:
[   23.786476] cloud-init[959]: +--[ED25519 256]--+
[   23.787068] cloud-init[959]: |       o.  o.+ . |
[   23.787500] cloud-init[959]: |.  .. + o . = +  |
[   23.789909] cloud-init[959]: | oEo.= B o   + o |
[   23.790171] cloud-init[959]: |.o..= =.= .. .=  |
[   23.791081] cloud-init[959]: |o  + . +S . .oo  |
[   23.791476] cloud-init[959]: | .  o   .o   ....|
[   23.792569] cloud-init[959]: |     o .       o.|
[   23.792966] cloud-init[959]: |    +oo       .  |
[   23.793540] cloud-init[959]: |   ..==.         |
[   23.793670] cloud-init[959]: +----[SHA256]-----+

         Starting Apply the settings specified in cloud-config...
[[0;32m  OK  [0m] Started Pollinate to seed the pseudo random number generator.
         Starting OpenBSD Secure Shell server...
[[0;32m  OK  [0m] Started OpenBSD Secure Shell server.
[[0;32m  OK  [0m] Reached target Multi-User System.
[[0;32m  OK  [0m] Reached target Graphical Interface.
         Starting Update UTMP about System Runlevel Changes...
[[0;32m  OK  [0m] Started Update UTMP about System Runlevel Changes.
[[0;32m  OK  [0m] Created slice User Slice of vagrant.
         Starting User Manager for UID 1000...
[[0;32m  OK  [0m] Started Session 1 of user vagrant.
[   24.963034] cloud-init[1293]: Generating locales (this might take a while)...[[0;32m  OK  [0m] Started User Manager for UID 1000.

[   27.541975] cloud-init[1293]:   en_US.UTF-8... done
[   27.555611] cloud-init[1293]: Generation complete.
[   28.261331] cloud-init[1293]: Cloud-init v. 21.1-19-gbad84ad4-0ubuntu1~16.04.2 running 'modules:config' at Mon, 12 Jun 2023 11:42:04 +0000. Up 24.66 seconds.
ci-info: no authorized SSH keys fingerprints found for user ubuntu.
<14>Jun 12 11:42:08 ec2: 
<14>Jun 12 11:42:08 ec2: #############################################################
<14>Jun 12 11:42:08 ec2: -----BEGIN SSH HOST KEY FINGERPRINTS-----
<14>Jun 12 11:42:08 ec2: 1024 SHA256:XmWTe2qGJW+41D/4MUWiwTn+NRZN1KrYDYl3bEdqK5U root@ubuntu-xenial (DSA)
<14>Jun 12 11:42:08 ec2: 256 SHA256:lagClknf6EckXW3rI4GZxLkJ8Tw1LfZPHVp1fgQJdCI root@ubuntu-xenial (ECDSA)
<14>Jun 12 11:42:08 ec2: 256 SHA256:w9dtnwalQQZ/WCI6OGweu4r1smtL0JLROR8RKsI6ZYc root@ubuntu-xenial (ED25519)
<14>Jun 12 11:42:08 ec2: 2048 SHA256:K1cV7gOXY4Y7xXRxrKSM8StsnxYXO0/OUmV8mhX2GWY root@ubuntu-xenial (RSA)
<14>Jun 12 11:42:08 ec2: -----END SSH HOST KEY FINGERPRINTS-----
<14>Jun 12 11:42:08 ec2: #############################################################
-----BEGIN SSH HOST KEY KEYS-----
ecdsa-sha2-nistp256 AAAAE2VjZHNhLXNoYTItbmlzdHAyNTYAAAAIbmlzdHAyNTYAAABBBEwiQyPrRQyudTaj9LW/sAtTvCGX4Cd9qvmTY+3IPGyGOGIUNss1yC6jPD2xSwq+AvUArMLbIhGsxSUAPY97sH0= root@ubuntu-xenial
ssh-ed25519 AAAAC3NzaC1lZDI1NTE5AAAAIKt8aQHlOH6oSSKKWwu0+a9YuRw38gtCl9wkDYZLk5/q root@ubuntu-xenial
ssh-rsa AAAAB3NzaC1yc2EAAAADAQABAAABAQDvOBaVTAFsWYFXKPf4MUGVxuzTVoYURNI9orjpdv8ltLyO2oA9qWAfTpH0Fi27gLSbNgdjPoa9MwsCWpAnxxjlN+tmAkbdHJPGF7xpYdVVx2x0xrwbz/R4haXPs4NsTom51Dmh5odV8KIwOYV92/Ee/Fe0og5It+V0KAp0k+dyd9OgMJRLLygxyn6yJq3r9OJAKjD07xcZBRlTxV7fZB0qEUvst6jFMEf0G/g7Pd9NOovJXknoc/wL6tWZQk1BH7dIMrrnlRJYzmdGQqswifYXoGUwputT8Ad2MU6xQzdqTnUaJ1Ev/2XHfOIW5KYX6p+Sz7V96ES5AU5EkcXbr5gH root@ubuntu-xenial
-----END SSH HOST KEY KEYS-----

Ubuntu 16.04.7 LTS ubuntu-xenial ttyS0

ubuntu-xenial login: [   29.083026] cloud-init[1520]: Cloud-init v. 21.1-19-gbad84ad4-0ubuntu1~16.04.2 running 'modules:final' at Mon, 12 Jun 2023 11:42:08 +0000. Up 28.80 seconds.
[   29.097014] cloud-init[1520]: ci-info: no authorized SSH keys fingerprints found for user ubuntu.
[   29.108393] cloud-init[1520]: Cloud-init v. 21.1-19-gbad84ad4-0ubuntu1~16.04.2 finished at Mon, 12 Jun 2023 11:42:08 +0000. Datasource DataSourceNoCloud [seed=/dev/sdb][dsmode=net].  Up 28.99 seconds
